[2017-02-19 14:21:34] local.ERROR: exception 'InvalidArgumentException' with message 'View [layout.default] not found.' in C:\Users\Asus\mei-14111145-web2\vendor\laravel\framework\src\Illuminate\View\FileViewFinder.php:137
Stack trace:
#0 C:\Users\Asus\mei-14111145-web2\vendor\laravel\framework\src\Illuminate\View\FileViewFinder.php(79): Illuminate\View\FileViewFinder->findInPaths('layout.default', Array)
#1 C:\Users\Asus\mei-14111145-web2\vendor\laravel\framework\src\Illuminate\View\Factory.php(129): Illuminate\View\FileViewFinder->find('layout.default')
#2 C:\Users\Asus\mei-14111145-web2\storage\framework\views\de35d5a177be1910a9bc76761ae0f7bf506f543a.php(30): Illuminate\View\Factory->make('layout.default', Array)
#3 C:\Users\Asus\mei-14111145-web2\vendor\laravel\framework\src\Illuminate\View\Engines\PhpEngine.php(42): include('C:\\Users\\Asus\\m...')
#4 C:\Users\Asus\mei-14111145-web2\vendor\laravel\framework\src\Illuminate\View\Engines\CompilerEngine.php(59): Illuminate\View\Engines\PhpEngine->evaluatePath('C:\\Users\\Asus\\m...', Array)
#5 C:\Users\Asus\mei-14111145-web2\vendor\laravel\framework\src\Illuminate\View\View.php(137): Illuminate\View\Engines\CompilerEngine->get('C:\\Users\\Asus\\m...', Array)
#6 C:\Users\Asus\mei-14111145-web2\vendor\laravel\framework\src\Illuminate\View\View.php(120): Illuminate\View\View->getContents()
#7 C:\Users\Asus\mei-14111145-web2\vendor\laravel\framework\src\Illuminate\View\View.php(85): Illuminate\View\View->renderContents()
#8 C:\Users\Asus\mei-14111145-web2\vendor\laravel\framework\src\Illuminate\Http\Response.php(38): Illuminate\View\View->render()
#9 C:\Users\Asus\mei-14111145-web2\vendor\symfony\http-foundation\Response.php(225): Illuminate\Http\Response->setContent(Object(Illuminate\View\View))
#10 C:\Users\Asus\mei-14111145-web2\vendor\laravel\framework\src\Illuminate\Routing\Router.php(602): Symfony\Component\HttpFoundation\Response->__construct(Object(Illuminate\View\View))
#11 C:\Users\Asus\mei-14111145-web2\vendor\laravel\framework\src\Illuminate\Routing\Router.php(560): Illuminate\Routing\Router->prepareResponse(Object(Illuminate\Http\Request), Object(Illuminate\View\View))
#12 C:\Users\Asus\mei-14111145-web2\vendor\laravel\framework\src\Illuminate\Routing\Pipeline.php(30): Illuminate\Routing\Router->Illuminate\Routing\{closure}(Object(Illuminate\Http\Request))
#13 C:\Users\Asus\mei-14111145-web2\vendor\laravel\framework\src\Illuminate\Routing\Middleware\SubstituteBindings.php(41): Illuminate\Routing\Pipeline->Illuminate\Routing\{closure}(Object(Illuminate\Http\Request))
#14 C:\Users\Asus\mei-14111145-web2\vendor\laravel\framework\src\Illuminate\Pipeline\Pipeline.php(148): Illuminate\Routing\Middleware\SubstituteBindings->handle(Object(Illuminate\Http\Request), Object(Closure))
#15 C:\Users\Asus\mei-14111145-web2\vendor\laravel\framework\src\Illuminate\Routing\Pipeline.php(53): Illuminate\Pipeline\Pipeline->Illuminate\Pipeline\{closure}(Object(Illuminate\Http\Request))
#16 C:\Users\Asus\mei-14111145-web2\vendor\laravel\framework\src\Illuminate\Foundation\Http\Middleware\VerifyCsrfToken.php(65): Illuminate\Routing\Pipeline->Illuminate\Routing\{closure}(Object(Illuminate\Http\Request))
#17 C:\Users\Asus\mei-14111145-web2\vendor\laravel\framework\src\Illuminate\Pipeline\Pipeline.php(148): Illuminate\Foundation\Http\Middleware\VerifyCsrfToken->handle(Object(Illuminate\Http\Request), Object(Closure))
#18 C:\Users\Asus\mei-14111145-web2\vendor\laravel\framework\src\Illuminate\Routing\Pipeline.php(53): Illuminate\Pipeline\Pipeline->Illuminate\Pipeline\{closure}(Object(Illuminate\Http\Request))
#19 C:\Users\Asus\mei-14111145-web2\vendor\laravel\framework\src\Illuminate\View\Middleware\ShareErrorsFromSession.php(49): Illuminate\Routing\Pipeline->Illuminate\Routing\{closure}(Object(Illuminate\Http\Request))
#20 C:\Users\Asus\mei-14111145-web2\vendor\laravel\framework\src\Illuminate\Pipeline\Pipeline.php(148): Illuminate\View\Middleware\ShareErrorsFromSession->handle(Object(Illuminate\Http\Request), Object(Closure))
#21 C:\Users\Asus\mei-14111145-web2\vendor\laravel\framework\src\Illuminate\Routing\Pipeline.php(53): Illuminate\Pipeline\Pipeline->Illuminate\Pipeline\{closure}(Object(Illuminate\Http\Request))
#22 C:\Users\Asus\mei-14111145-web2\vendor\laravel\framework\src\Illuminate\Session\Middleware\StartSession.php(64): Illuminate\Routing\Pipeline->Illuminate\Routing\{closure}(Object(Illuminate\Http\Request))
#23 C:\Users\Asus\mei-14111145-web2\vendor\laravel\framework\src\Illuminate\Pipeline\Pipeline.php(148): Illuminate\Session\Middleware\StartSession->handle(Object(Illuminate\Http\Request), Object(Closure))
#24 C:\Users\Asus\mei-14111145-web2\vendor\laravel\framework\src\Illuminate\Routing\Pipeline.php(53): Illuminate\Pipeline\Pipeline->Illuminate\Pipeline\{closure}(Object(Illuminate\Http\Request))
#25 C:\Users\Asus\mei-14111145-web2\vendor\laravel\framework\src\Illuminate\Cookie\Middleware\AddQueuedCookiesToResponse.php(37): Illuminate\Routing\Pipeline->Illuminate\Routing\{closure}(Object(Illuminate\Http\Request))
#26 C:\Users\Asus\mei-14111145-web2\vendor\laravel\framework\src\Illuminate\Pipeline\Pipeline.php(148): Illuminate\Cookie\Middleware\AddQueuedCookiesToResponse->handle(Object(Illuminate\Http\Request), Object(Closure))
#27 C:\Users\Asus\mei-14111145-web2\vendor\laravel\framework\src\Illuminate\Routing\Pipeline.php(53): Illuminate\Pipeline\Pipeline->Illuminate\Pipeline\{closure}(Object(Illuminate\Http\Request))
#28 C:\Users\Asus\mei-14111145-web2\vendor\laravel\framework\src\Illuminate\Cookie\Middleware\EncryptCookies.php(59): Illuminate\Routing\Pipeline->Illuminate\Routing\{closure}(Object(Illuminate\Http\Request))
#29 C:\Users\Asus\mei-14111145-web2\vendor\laravel\framework\src\Illuminate\Pipeline\Pipeline.php(148): Illuminate\Cookie\Middleware\EncryptCookies->handle(Object(Illuminate\Http\Request), Object(Closure))
#30 C:\Users\Asus\mei-14111145-web2\vendor\laravel\framework\src\Illuminate\Routing\Pipeline.php(53): Illuminate\Pipeline\Pipeline->Illuminate\Pipeline\{closure}(Object(Illuminate\Http\Request))
#31 C:\Users\Asus\mei-14111145-web2\vendor\laravel\framework\src\Illuminate\Pipeline\Pipeline.php(102): Illuminate\Routing\Pipeline->Illuminate\Routing\{closure}(Object(Illuminate\Http\Request))
#32 C:\Users\Asus\mei-14111145-web2\vendor\laravel\framework\src\Illuminate\Routing\Router.php(561): Illuminate\Pipeline\Pipeline->then(Object(Closure))
#33 C:\Users\Asus\mei-14111145-web2\vendor\laravel\framework\src\Illuminate\Routing\Router.php(520): Illuminate\Routing\Router->runRouteWithinStack(Object(Illuminate\Routing\Route), Object(Illuminate\Http\Request))
#34 C:\Users\Asus\mei-14111145-web2\vendor\laravel\framework\src\Illuminate\Routing\Router.php(498): Illuminate\Routing\Router->dispatchToRoute(Object(Illuminate\Http\Request))
#35 C:\Users\Asus\mei-14111145-web2\vendor\laravel\framework\src\Illuminate\Foundation\Http\Kernel.php(174): Illuminate\Routing\Router->dispatch(Object(Illuminate\Http\Request))
#36 C:\Users\Asus\mei-14111145-web2\vendor\laravel\framework\src\Illuminate\Routing\Pipeline.php(30): Illuminate\Foundation\Http\Kernel->Illuminate\Foundation\Http\{closure}(Object(Illuminate\Http\Request))
#37 C:\Users\Asus\mei-14111145-web2\vendor\laravel\framework\src\Illuminate\Foundation\Http\Middleware\TransformsRequest.php(30): Illuminate\Routing\Pipeline->Illuminate\Routing\{closure}(Object(Illuminate\Http\Request))
#38 C:\Users\Asus\mei-14111145-web2\vendor\laravel\framework\src\Illuminate\Pipeline\Pipeline.php(148): Illuminate\Foundation\Http\Middleware\TransformsRequest->handle(Object(Illuminate\Http\Request), Object(Closure))
#39 C:\Users\Asus\mei-14111145-web2\vendor\laravel\framework\src\Illuminate\Routing\Pipeline.php(53): Illuminate\Pipeline\Pipeline->Illuminate\Pipeline\{closure}(Object(Illuminate\Http\Request))
#40 C:\Users\Asus\mei-14111145-web2\vendor\laravel\framework\src\Illuminate\Foundation\Http\Middleware\TransformsRequest.php(30): Illuminate\Routing\Pipeline->Illuminate\Routing\{closure}(Object(Illuminate\Http\Request))
#41 C:\Users\Asus\mei-14111145-web2\vendor\laravel\framework\src\Illuminate\Pipeline\Pipeline.php(148): Illuminate\Foundation\Http\Middleware\TransformsRequest->handle(Object(Illuminate\Http\Request), Object(Closure))
#42 C:\Users\Asus\mei-14111145-web2\vendor\laravel\framework\src\Illuminate\Routing\Pipeline.php(53): Illuminate\Pipeline\Pipeline->Illuminate\Pipeline\{closure}(Object(Illuminate\Http\Request))
#43 C:\Users\Asus\mei-14111145-web2\vendor\laravel\framework\src\Illuminate\Foundation\Http\Middleware\ValidatePostSize.php(27): Illuminate\Routing\Pipeline->Illuminate\Routing\{closure}(Object(Illuminate\Http\Request))
#44 C:\Users\Asus\mei-14111145-web2\vendor\laravel\framework\src\Illuminate\Pipeline\Pipeline.php(148): Illuminate\Foundation\Http\Middleware\ValidatePostSize->handle(Object(Illuminate\Http\Request), Object(Closure))
#45 C:\Users\Asus\mei-14111145-web2\vendor\laravel\framework\src\Illuminate\Routing\Pipeline.php(53): Illuminate\Pipeline\Pipeline->Illuminate\Pipeline\{closure}(Object(Illuminate\Http\Request))
#46 C:\Users\Asus\mei-14111145-web2\vendor\laravel\framework\src\Illuminate\Foundation\Http\Middleware\CheckForMaintenanceMode.php(46): Illuminate\Routing\Pipeline->Illuminate\Routing\{closure}(Object(Illuminate\Http\Request))
#47 C:\Users\Asus\mei-14111145-web2\vendor\laravel\framework\src\Illuminate\Pipeline\Pipeline.php(148): Illuminate\Foundation\Http\Middleware\CheckForMaintenanceMode->handle(Object(Illuminate\Http\Request), Object(Closure))
#48 C:\Users\Asus\mei-14111145-web2\vendor\laravel\framework\src\Illuminate\Routing\Pipeline.php(53): Illuminate\Pipeline\Pipeline->Illuminate\Pipeline\{closure}(Object(Illuminate\Http\Request))
#49 C:\Users\Asus\mei-14111145-web2\vendor\laravel\framework\src\Illuminate\Pipeline\Pipeline.php(102): Illuminate\Routing\Pipeline->Illuminate\Routing\{closure}(Object(Illuminate\Http\Request))
#50 C:\Users\Asus\mei-14111145-web2\vendor\laravel\framework\src\Illuminate\Foundation\Http\Kernel.php(149): Illuminate\Pipeline\Pipeline->then(Object(Closure))
#51 C:\Users\Asus\mei-14111145-web2\vendor\laravel\framework\src\Illuminate\Foundation\Http\Kernel.php(116): Illuminate\Foundation\Http\Kernel->sendRequestThroughRouter(Object(Illuminate\Http\Request))
#52 C:\Users\Asus\mei-14111145-web2\public\index.php(54): Illuminate\Foundation\Http\Kernel->handle(Object(Illuminate\Http\Request))
#53 C:\Users\Asus\mei-14111145-web2\server.php(21): require_once('C:\\Users\\Asus\\m...')
#54 {main}

Next exception 'ErrorException' with message 'View [layout.default] not found. (View: C:\Users\Asus\mei-14111145-web2\resources\views\pages\home.blade.php)' in C:\Users\Asus\mei-14111145-web2\vendor\laravel\framework\src\Illuminate\View\FileViewFinder.php:137
Stack trace:
#0 C:\Users\Asus\mei-14111145-web2\vendor\laravel\framework\src\Illuminate\View\Engines\PhpEngine.php(44): Illuminate\View\Engines\CompilerEngine->handleViewException(Object(InvalidArgumentException), 1)
#1 C:\Users\Asus\mei-14111145-web2\vendor\laravel\framework\src\Illuminate\View\Engines\CompilerEngine.php(59): Illuminate\View\Engines\PhpEngine->evaluatePath('C:\\Users\\Asus\\m...', Array)
#2 C:\Users\Asus\mei-14111145-web2\vendor\laravel\framework\src\Illuminate\View\View.php(137): Illuminate\View\Engines\CompilerEngine->get('C:\\Users\\Asus\\m...', Array)
#3 C:\Users\Asus\mei-14111145-web2\vendor\laravel\framework\src\Illuminate\View\View.php(120): Illuminate\View\View->getContents()
#4 C:\Users\Asus\mei-14111145-web2\vendor\laravel\framework\src\Illuminate\View\View.php(85): Illuminate\View\View->renderContents()
#5 C:\Users\Asus\mei-14111145-web2\vendor\laravel\framework\src\Illuminate\Http\Response.php(38): Illuminate\View\View->render()
#6 C:\Users\Asus\mei-14111145-web2\vendor\symfony\http-foundation\Response.php(225): Illuminate\Http\Response->setContent(Object(Illuminate\View\View))
#7 C:\Users\Asus\mei-14111145-web2\vendor\laravel\framework\src\Illuminate\Routing\Router.php(602): Symfony\Component\HttpFoundation\Response->__construct(Object(Illuminate\View\View))
#8 C:\Users\Asus\mei-14111145-web2\vendor\laravel\framework\src\Illuminate\Routing\Router.php(560): Illuminate\Routing\Router->prepareResponse(Object(Illuminate\Http\Request), Object(Illuminate\View\View))
#9 C:\Users\Asus\mei-14111145-web2\vendor\laravel\framework\src\Illuminate\Routing\Pipeline.php(30): Illuminate\Routing\Router->Illuminate\Routing\{closure}(Object(Illuminate\Http\Request))
#10 C:\Users\Asus\mei-14111145-web2\vendor\laravel\framework\src\Illuminate\Routing\Middleware\SubstituteBindings.php(41): Illuminate\Routing\Pipeline->Illuminate\Routing\{closure}(Object(Illuminate\Http\Request))
#11 C:\Users\Asus\mei-14111145-web2\vendor\laravel\framework\src\Illuminate\Pipeline\Pipeline.php(148): Illuminate\Routing\Middleware\SubstituteBindings->handle(Object(Illuminate\Http\Request), Object(Closure))
#12 C:\Users\Asus\mei-14111145-web2\vendor\laravel\framework\src\Illuminate\Routing\Pipeline.php(53): Illuminate\Pipeline\Pipeline->Illuminate\Pipeline\{closure}(Object(Illuminate\Http\Request))
#13 C:\Users\Asus\mei-14111145-web2\vendor\laravel\framework\src\Illuminate\Foundation\Http\Middleware\VerifyCsrfToken.php(65): Illuminate\Routing\Pipeline->Illuminate\Routing\{closure}(Object(Illuminate\Http\Request))
#14 C:\Users\Asus\mei-14111145-web2\vendor\laravel\framework\src\Illuminate\Pipeline\Pipeline.php(148): Illuminate\Foundation\Http\Middleware\VerifyCsrfToken->handle(Object(Illuminate\Http\Request), Object(Closure))
#15 C:\Users\Asus\mei-14111145-web2\vendor\laravel\framework\src\Illuminate\Routing\Pipeline.php(53): Illuminate\Pipeline\Pipeline->Illuminate\Pipeline\{closure}(Object(Illuminate\Http\Request))
#16 C:\Users\Asus\mei-14111145-web2\vendor\laravel\framework\src\Illuminate\View\Middleware\ShareErrorsFromSession.php(49): Illuminate\Routing\Pipeline->Illuminate\Routing\{closure}(Object(Illuminate\Http\Request))
#17 C:\Users\Asus\mei-14111145-web2\vendor\laravel\framework\src\Illuminate\Pipeline\Pipeline.php(148): Illuminate\View\Middleware\ShareErrorsFromSession->handle(Object(Illuminate\Http\Request), Object(Closure))
#18 C:\Users\Asus\mei-14111145-web2\vendor\laravel\framework\src\Illuminate\Routing\Pipeline.php(53): Illuminate\Pipeline\Pipeline->Illuminate\Pipeline\{closure}(Object(Illuminate\Http\Request))
#19 C:\Users\Asus\mei-14111145-web2\vendor\laravel\framework\src\Illuminate\Session\Middleware\StartSession.php(64): Illuminate\Routing\Pipeline->Illuminate\Routing\{closure}(Object(Illuminate\Http\Request))
#20 C:\Users\Asus\mei-14111145-web2\vendor\laravel\framework\src\Illuminate\Pipeline\Pipeline.php(148): Illuminate\Session\Middleware\StartSession->handle(Object(Illuminate\Http\Request), Object(Closure))
#21 C:\Users\Asus\mei-14111145-web2\vendor\laravel\framework\src\Illuminate\Routing\Pipeline.php(53): Illuminate\Pipeline\Pipeline->Illuminate\Pipeline\{closure}(Object(Illuminate\Http\Request))
#22 C:\Users\Asus\mei-14111145-web2\vendor\laravel\framework\src\Illuminate\Cookie\Middleware\AddQueuedCookiesToResponse.php(37): Illuminate\Routing\Pipeline->Illuminate\Routing\{closure}(Object(Illuminate\Http\Request))
#23 C:\Users\Asus\mei-14111145-web2\vendor\laravel\framework\src\Illuminate\Pipeline\Pipeline.php(148): Illuminate\Cookie\Middleware\AddQueuedCookiesToResponse->handle(Object(Illuminate\Http\Request), Object(Closure))
#24 C:\Users\Asus\mei-14111145-web2\vendor\laravel\framework\src\Illuminate\Routing\Pipeline.php(53): Illuminate\Pipeline\Pipeline->Illuminate\Pipeline\{closure}(Object(Illuminate\Http\Request))
#25 C:\Users\Asus\mei-14111145-web2\vendor\laravel\framework\src\Illuminate\Cookie\Middleware\EncryptCookies.php(59): Illuminate\Routing\Pipeline->Illuminate\Routing\{closure}(Object(Illuminate\Http\Request))
#26 C:\Users\Asus\mei-14111145-web2\vendor\laravel\framework\src\Illuminate\Pipeline\Pipeline.php(148): Illuminate\Cookie\Middleware\EncryptCookies->handle(Object(Illuminate\Http\Request), Object(Closure))
#27 C:\Users\Asus\mei-14111145-web2\vendor\laravel\framework\src\Illuminate\Routing\Pipeline.php(53): Illuminate\Pipeline\Pipeline->Illuminate\Pipeline\{closure}(Object(Illuminate\Http\Request))
#28 C:\Users\Asus\mei-14111145-web2\vendor\laravel\framework\src\Illuminate\Pipeline\Pipeline.php(102): Illuminate\Routing\Pipeline->Illuminate\Routing\{closure}(Object(Illuminate\Http\Request))
#29 C:\Users\Asus\mei-14111145-web2\vendor\laravel\framework\src\Illuminate\Routing\Router.php(561): Illuminate\Pipeline\Pipeline->then(Object(Closure))
#30 C:\Users\Asus\mei-14111145-web2\vendor\laravel\framework\src\Illuminate\Routing\Router.php(520): Illuminate\Routing\Router->runRouteWithinStack(Object(Illuminate\Routing\Route), Object(Illuminate\Http\Request))
#31 C:\Users\Asus\mei-14111145-web2\vendor\laravel\framework\src\Illuminate\Routing\Router.php(498): Illuminate\Routing\Router->dispatchToRoute(Object(Illuminate\Http\Request))
#32 C:\Users\Asus\mei-14111145-web2\vendor\laravel\framework\src\Illuminate\Foundation\Http\Kernel.php(174): Illuminate\Routing\Router->dispatch(Object(Illuminate\Http\Request))
#33 C:\Users\Asus\mei-14111145-web2\vendor\laravel\framework\src\Illuminate\Routing\Pipeline.php(30): Illuminate\Foundation\Http\Kernel->Illuminate\Foundation\Http\{closure}(Object(Illuminate\Http\Request))
#34 C:\Users\Asus\mei-14111145-web2\vendor\laravel\framework\src\Illuminate\Foundation\Http\Middleware\TransformsRequest.php(30): Illuminate\Routing\Pipeline->Illuminate\Routing\{closure}(Object(Illuminate\Http\Request))
#35 C:\Users\Asus\mei-14111145-web2\vendor\laravel\framework\src\Illuminate\Pipeline\Pipeline.php(148): Illuminate\Foundation\Http\Middleware\TransformsRequest->handle(Object(Illuminate\Http\Request), Object(Closure))
#36 C:\Users\Asus\mei-14111145-web2\vendor\laravel\framework\src\Illuminate\Routing\Pipeline.php(53): Illuminate\Pipeline\Pipeline->Illuminate\Pipeline\{closure}(Object(Illuminate\Http\Request))
#37 C:\Users\Asus\mei-14111145-web2\vendor\laravel\framework\src\Illuminate\Foundation\Http\Middleware\TransformsRequest.php(30): Illuminate\Routing\Pipeline->Illuminate\Routing\{closure}(Object(Illuminate\Http\Request))
#38 C:\Users\Asus\mei-14111145-web2\vendor\laravel\framework\src\Illuminate\Pipeline\Pipeline.php(148): Illuminate\Foundation\Http\Middleware\TransformsRequest->handle(Object(Illuminate\Http\Request), Object(Closure))
#39 C:\Users\Asus\mei-14111145-web2\vendor\laravel\framework\src\Illuminate\Routing\Pipeline.php(53): Illuminate\Pipeline\Pipeline->Illuminate\Pipeline\{closure}(Object(Illuminate\Http\Request))
#40 C:\Users\Asus\mei-14111145-web2\vendor\laravel\framework\src\Illuminate\Foundation\Http\Middleware\ValidatePostSize.php(27): Illuminate\Routing\Pipeline->Illuminate\Routing\{closure}(Object(Illuminate\Http\Request))
#41 C:\Users\Asus\mei-14111145-web2\vendor\laravel\framework\src\Illuminate\Pipeline\Pipeline.php(148): Illuminate\Foundation\Http\Middleware\ValidatePostSize->handle(Object(Illuminate\Http\Request), Object(Closure))
#42 C:\Users\Asus\mei-14111145-web2\vendor\laravel\framework\src\Illuminate\Routing\Pipeline.php(53): Illuminate\Pipeline\Pipeline->Illuminate\Pipeline\{closure}(Object(Illuminate\Http\Request))
#43 C:\Users\Asus\mei-14111145-web2\vendor\laravel\framework\src\Illuminate\Foundation\Http\Middleware\CheckForMaintenanceMode.php(46): Illuminate\Routing\Pipeline->Illuminate\Routing\{closure}(Object(Illuminate\Http\Request))
#44 C:\Users\Asus\mei-14111145-web2\vendor\laravel\framework\src\Illuminate\Pipeline\Pipeline.php(148): Illuminate\Foundation\Http\Middleware\CheckForMaintenanceMode->handle(Object(Illuminate\Http\Request), Object(Closure))
#45 C:\Users\Asus\mei-14111145-web2\vendor\laravel\framework\src\Illuminate\Routing\Pipeline.php(53): Illuminate\Pipeline\Pipeline->Illuminate\Pipeline\{closure}(Object(Illuminate\Http\Request))
#46 C:\Users\Asus\mei-14111145-web2\vendor\laravel\framework\src\Illuminate\Pipeline\Pipeline.php(102): Illuminate\Routing\Pipeline->Illuminate\Routing\{closure}(Object(Illuminate\Http\Request))
#47 C:\Users\Asus\mei-14111145-web2\vendor\laravel\framework\src\Illuminate\Foundation\Http\Kernel.php(149): Illuminate\Pipeline\Pipeline->then(Object(Closure))
#48 C:\Users\Asus\mei-14111145-web2\vendor\laravel\framework\src\Illuminate\Foundation\Http\Kernel.php(116): Illuminate\Foundation\Http\Kernel->sendRequestThroughRouter(Object(Illuminate\Http\Request))
#49 C:\Users\Asus\mei-14111145-web2\public\index.php(54): Illuminate\Foundation\Http\Kernel->handle(Object(Illuminate\Http\Request))
#50 C:\Users\Asus\mei-14111145-web2\server.php(21): require_once('C:\\Users\\Asus\\m...')
#51 {main}  
[2017-02-19 14:22:47] local.ERROR: exception 'InvalidArgumentException' with message 'View [layout.default] not found.' in C:\Users\Asus\mei-14111145-web2\vendor\laravel\framework\src\Illuminate\View\FileViewFinder.php:137
Stack trace:
#0 C:\Users\Asus\mei-14111145-web2\vendor\laravel\framework\src\Illuminate\View\FileViewFinder.php(79): Illuminate\View\FileViewFinder->findInPaths('layout.default', Array)
#1 C:\Users\Asus\mei-14111145-web2\vendor\laravel\framework\src\Illuminate\View\Factory.php(129): Illuminate\View\FileViewFinder->find('layout.default')
#2 C:\Users\Asus\mei-14111145-web2\storage\framework\views\477496905361a9d39923008b37257b0d07a98844.php(18): Illuminate\View\Factory->make('layout.default', Array)
#3 C:\Users\Asus\mei-14111145-web2\vendor\laravel\framework\src\Illuminate\View\Engines\PhpEngine.php(42): include('C:\\Users\\Asus\\m...')
#4 C:\Users\Asus\mei-14111145-web2\vendor\laravel\framework\src\Illuminate\View\Engines\CompilerEngine.php(59): Illuminate\View\Engines\PhpEngine->evaluatePath('C:\\Users\\Asus\\m...', Array)
#5 C:\Users\Asus\mei-14111145-web2\vendor\laravel\framework\src\Illuminate\View\View.php(137): Illuminate\View\Engines\CompilerEngine->get('C:\\Users\\Asus\\m...', Array)
#6 C:\Users\Asus\mei-14111145-web2\vendor\laravel\framework\src\Illuminate\View\View.php(120): Illuminate\View\View->getContents()
#7 C:\Users\Asus\mei-14111145-web2\vendor\laravel\framework\src\Illuminate\View\View.php(85): Illuminate\View\View->renderContents()
#8 C:\Users\Asus\mei-14111145-web2\vendor\laravel\framework\src\Illuminate\Http\Response.php(38): Illuminate\View\View->render()
#9 C:\Users\Asus\mei-14111145-web2\vendor\symfony\http-foundation\Response.php(225): Illuminate\Http\Response->setContent(Object(Illuminate\View\View))
#10 C:\Users\Asus\mei-14111145-web2\vendor\laravel\framework\src\Illuminate\Routing\Router.php(602): Symfony\Component\HttpFoundation\Response->__construct(Object(Illuminate\View\View))
#11 C:\Users\Asus\mei-14111145-web2\vendor\laravel\framework\src\Illuminate\Routing\Router.php(560): Illuminate\Routing\Router->prepareResponse(Object(Illuminate\Http\Request), Object(Illuminate\View\View))
#12 C:\Users\Asus\mei-14111145-web2\vendor\laravel\framework\src\Illuminate\Routing\Pipeline.php(30): Illuminate\Routing\Router->Illuminate\Routing\{closure}(Object(Illuminate\Http\Request))
#13 C:\Users\Asus\mei-14111145-web2\vendor\laravel\framework\src\Illuminate\Routing\Middleware\SubstituteBindings.php(41): Illuminate\Routing\Pipeline->Illuminate\Routing\{closure}(Object(Illuminate\Http\Request))
#14 C:\Users\Asus\mei-14111145-web2\vendor\laravel\framework\src\Illuminate\Pipeline\Pipeline.php(148): Illuminate\Routing\Middleware\SubstituteBindings->handle(Object(Illuminate\Http\Request), Object(Closure))
#15 C:\Users\Asus\mei-14111145-web2\vendor\laravel\framework\src\Illuminate\Routing\Pipeline.php(53): Illuminate\Pipeline\Pipeline->Illuminate\Pipeline\{closure}(Object(Illuminate\Http\Request))
#16 C:\Users\Asus\mei-14111145-web2\vendor\laravel\framework\src\Illuminate\Foundation\Http\Middleware\VerifyCsrfToken.php(65): Illuminate\Routing\Pipeline->Illuminate\Routing\{closure}(Object(Illuminate\Http\Request))
#17 C:\Users\Asus\mei-14111145-web2\vendor\laravel\framework\src\Illuminate\Pipeline\Pipeline.php(148): Illuminate\Foundation\Http\Middleware\VerifyCsrfToken->handle(Object(Illuminate\Http\Request), Object(Closure))
#18 C:\Users\Asus\mei-14111145-web2\vendor\laravel\framework\src\Illuminate\Routing\Pipeline.php(53): Illuminate\Pipeline\Pipeline->Illuminate\Pipeline\{closure}(Object(Illuminate\Http\Request))
#19 C:\Users\Asus\mei-14111145-web2\vendor\laravel\framework\src\Illuminate\View\Middleware\ShareErrorsFromSession.php(49): Illuminate\Routing\Pipeline->Illuminate\Routing\{closure}(Object(Illuminate\Http\Request))
#20 C:\Users\Asus\mei-14111145-web2\vendor\laravel\framework\src\Illuminate\Pipeline\Pipeline.php(148): Illuminate\View\Middleware\ShareErrorsFromSession->handle(Object(Illuminate\Http\Request), Object(Closure))
#21 C:\Users\Asus\mei-14111145-web2\vendor\laravel\framework\src\Illuminate\Routing\Pipeline.php(53): Illuminate\Pipeline\Pipeline->Illuminate\Pipeline\{closure}(Object(Illuminate\Http\Request))
#22 C:\Users\Asus\mei-14111145-web2\vendor\laravel\framework\src\Illuminate\Session\Middleware\StartSession.php(64): Illuminate\Routing\Pipeline->Illuminate\Routing\{closure}(Object(Illuminate\Http\Request))
#23 C:\Users\Asus\mei-14111145-web2\vendor\laravel\framework\src\Illuminate\Pipeline\Pipeline.php(148): Illuminate\Session\Middleware\StartSession->handle(Object(Illuminate\Http\Request), Object(Closure))
#24 C:\Users\Asus\mei-14111145-web2\vendor\laravel\framework\src\Illuminate\Routing\Pipeline.php(53): Illuminate\Pipeline\Pipeline->Illuminate\Pipeline\{closure}(Object(Illuminate\Http\Request))
#25 C:\Users\Asus\mei-14111145-web2\vendor\laravel\framework\src\Illuminate\Cookie\Middleware\AddQueuedCookiesToResponse.php(37): Illuminate\Routing\Pipeline->Illuminate\Routing\{closure}(Object(Illuminate\Http\Request))
#26 C:\Users\Asus\mei-14111145-web2\vendor\laravel\framework\src\Illuminate\Pipeline\Pipeline.php(148): Illuminate\Cookie\Middleware\AddQueuedCookiesToResponse->handle(Object(Illuminate\Http\Request), Object(Closure))
#27 C:\Users\Asus\mei-14111145-web2\vendor\laravel\framework\src\Illuminate\Routing\Pipeline.php(53): Illuminate\Pipeline\Pipeline->Illuminate\Pipeline\{closure}(Object(Illuminate\Http\Request))
#28 C:\Users\Asus\mei-14111145-web2\vendor\laravel\framework\src\Illuminate\Cookie\Middleware\EncryptCookies.php(59): Illuminate\Routing\Pipeline->Illuminate\Routing\{closure}(Object(Illuminate\Http\Request))
#29 C:\Users\Asus\mei-14111145-web2\vendor\laravel\framework\src\Illuminate\Pipeline\Pipeline.php(148): Illuminate\Cookie\Middleware\EncryptCookies->handle(Object(Illuminate\Http\Request), Object(Closure))
#30 C:\Users\Asus\mei-14111145-web2\vendor\laravel\framework\src\Illuminate\Routing\Pipeline.php(53): Illuminate\Pipeline\Pipeline->Illuminate\Pipeline\{closure}(Object(Illuminate\Http\Request))
#31 C:\Users\Asus\mei-14111145-web2\vendor\laravel\framework\src\Illuminate\Pipeline\Pipeline.php(102): Illuminate\Routing\Pipeline->Illuminate\Routing\{closure}(Object(Illuminate\Http\Request))
#32 C:\Users\Asus\mei-14111145-web2\vendor\laravel\framework\src\Illuminate\Routing\Router.php(561): Illuminate\Pipeline\Pipeline->then(Object(Closure))
#33 C:\Users\Asus\mei-14111145-web2\vendor\laravel\framework\src\Illuminate\Routing\Router.php(520): Illuminate\Routing\Router->runRouteWithinStack(Object(Illuminate\Routing\Route), Object(Illuminate\Http\Request))
#34 C:\Users\Asus\mei-14111145-web2\vendor\laravel\framework\src\Illuminate\Routing\Router.php(498): Illuminate\Routing\Router->dispatchToRoute(Object(Illuminate\Http\Request))
#35 C:\Users\Asus\mei-14111145-web2\vendor\laravel\framework\src\Illuminate\Foundation\Http\Kernel.php(174): Illuminate\Routing\Router->dispatch(Object(Illuminate\Http\Request))
#36 C:\Users\Asus\mei-14111145-web2\vendor\laravel\framework\src\Illuminate\Routing\Pipeline.php(30): Illuminate\Foundation\Http\Kernel->Illuminate\Foundation\Http\{closure}(Object(Illuminate\Http\Request))
#37 C:\Users\Asus\mei-14111145-web2\vendor\laravel\framework\src\Illuminate\Foundation\Http\Middleware\TransformsRequest.php(30): Illuminate\Routing\Pipeline->Illuminate\Routing\{closure}(Object(Illuminate\Http\Request))
#38 C:\Users\Asus\mei-14111145-web2\vendor\laravel\framework\src\Illuminate\Pipeline\Pipeline.php(148): Illuminate\Foundation\Http\Middleware\TransformsRequest->handle(Object(Illuminate\Http\Request), Object(Closure))
#39 C:\Users\Asus\mei-14111145-web2\vendor\laravel\framework\src\Illuminate\Routing\Pipeline.php(53): Illuminate\Pipeline\Pipeline->Illuminate\Pipeline\{closure}(Object(Illuminate\Http\Request))
#40 C:\Users\Asus\mei-14111145-web2\vendor\laravel\framework\src\Illuminate\Foundation\Http\Middleware\TransformsRequest.php(30): Illuminate\Routing\Pipeline->Illuminate\Routing\{closure}(Object(Illuminate\Http\Request))
#41 C:\Users\Asus\mei-14111145-web2\vendor\laravel\framework\src\Illuminate\Pipeline\Pipeline.php(148): Illuminate\Foundation\Http\Middleware\TransformsRequest->handle(Object(Illuminate\Http\Request), Object(Closure))
#42 C:\Users\Asus\mei-14111145-web2\vendor\laravel\framework\src\Illuminate\Routing\Pipeline.php(53): Illuminate\Pipeline\Pipeline->Illuminate\Pipeline\{closure}(Object(Illuminate\Http\Request))
#43 C:\Users\Asus\mei-14111145-web2\vendor\laravel\framework\src\Illuminate\Foundation\Http\Middleware\ValidatePostSize.php(27): Illuminate\Routing\Pipeline->Illuminate\Routing\{closure}(Object(Illuminate\Http\Request))
#44 C:\Users\Asus\mei-14111145-web2\vendor\laravel\framework\src\Illuminate\Pipeline\Pipeline.php(148): Illuminate\Foundation\Http\Middleware\ValidatePostSize->handle(Object(Illuminate\Http\Request), Object(Closure))
#45 C:\Users\Asus\mei-14111145-web2\vendor\laravel\framework\src\Illuminate\Routing\Pipeline.php(53): Illuminate\Pipeline\Pipeline->Illuminate\Pipeline\{closure}(Object(Illuminate\Http\Request))
#46 C:\Users\Asus\mei-14111145-web2\vendor\laravel\framework\src\Illuminate\Foundation\Http\Middleware\CheckForMaintenanceMode.php(46): Illuminate\Routing\Pipeline->Illuminate\Routing\{closure}(Object(Illuminate\Http\Request))
#47 C:\Users\Asus\mei-14111145-web2\vendor\laravel\framework\src\Illuminate\Pipeline\Pipeline.php(148): Illuminate\Foundation\Http\Middleware\CheckForMaintenanceMode->handle(Object(Illuminate\Http\Request), Object(Closure))
#48 C:\Users\Asus\mei-14111145-web2\vendor\laravel\framework\src\Illuminate\Routing\Pipeline.php(53): Illuminate\Pipeline\Pipeline->Illuminate\Pipeline\{closure}(Object(Illuminate\Http\Request))
#49 C:\Users\Asus\mei-14111145-web2\vendor\laravel\framework\src\Illuminate\Pipeline\Pipeline.php(102): Illuminate\Routing\Pipeline->Illuminate\Routing\{closure}(Object(Illuminate\Http\Request))
#50 C:\Users\Asus\mei-14111145-web2\vendor\laravel\framework\src\Illuminate\Foundation\Http\Kernel.php(149): Illuminate\Pipeline\Pipeline->then(Object(Closure))
#51 C:\Users\Asus\mei-14111145-web2\vendor\laravel\framework\src\Illuminate\Foundation\Http\Kernel.php(116): Illuminate\Foundation\Http\Kernel->sendRequestThroughRouter(Object(Illuminate\Http\Request))
#52 C:\Users\Asus\mei-14111145-web2\public\index.php(54): Illuminate\Foundation\Http\Kernel->handle(Object(Illuminate\Http\Request))
#53 C:\Users\Asus\mei-14111145-web2\server.php(21): require_once('C:\\Users\\Asus\\m...')
#54 {main}

Next exception 'ErrorException' with message 'View [layout.default] not found. (View: C:\Users\Asus\mei-14111145-web2\resources\views\pages\index.blade.php)' in C:\Users\Asus\mei-14111145-web2\vendor\laravel\framework\src\Illuminate\View\FileViewFinder.php:137
Stack trace:
#0 C:\Users\Asus\mei-14111145-web2\vendor\laravel\framework\src\Illuminate\View\Engines\PhpEngine.php(44): Illuminate\View\Engines\CompilerEngine->handleViewException(Object(InvalidArgumentException), 1)
#1 C:\Users\Asus\mei-14111145-web2\vendor\laravel\framework\src\Illuminate\View\Engines\CompilerEngine.php(59): Illuminate\View\Engines\PhpEngine->evaluatePath('C:\\Users\\Asus\\m...', Array)
#2 C:\Users\Asus\mei-14111145-web2\vendor\laravel\framework\src\Illuminate\View\View.php(137): Illuminate\View\Engines\CompilerEngine->get('C:\\Users\\Asus\\m...', Array)
#3 C:\Users\Asus\mei-14111145-web2\vendor\laravel\framework\src\Illuminate\View\View.php(120): Illuminate\View\View->getContents()
#4 C:\Users\Asus\mei-14111145-web2\vendor\laravel\framework\src\Illuminate\View\View.php(85): Illuminate\View\View->renderContents()
#5 C:\Users\Asus\mei-14111145-web2\vendor\laravel\framework\src\Illuminate\Http\Response.php(38): Illuminate\View\View->render()
#6 C:\Users\Asus\mei-14111145-web2\vendor\symfony\http-foundation\Response.php(225): Illuminate\Http\Response->setContent(Object(Illuminate\View\View))
#7 C:\Users\Asus\mei-14111145-web2\vendor\laravel\framework\src\Illuminate\Routing\Router.php(602): Symfony\Component\HttpFoundation\Response->__construct(Object(Illuminate\View\View))
#8 C:\Users\Asus\mei-14111145-web2\vendor\laravel\framework\src\Illuminate\Routing\Router.php(560): Illuminate\Routing\Router->prepareResponse(Object(Illuminate\Http\Request), Object(Illuminate\View\View))
#9 C:\Users\Asus\mei-14111145-web2\vendor\laravel\framework\src\Illuminate\Routing\Pipeline.php(30): Illuminate\Routing\Router->Illuminate\Routing\{closure}(Object(Illuminate\Http\Request))
#10 C:\Users\Asus\mei-14111145-web2\vendor\laravel\framework\src\Illuminate\Routing\Middleware\SubstituteBindings.php(41): Illuminate\Routing\Pipeline->Illuminate\Routing\{closure}(Object(Illuminate\Http\Request))
#11 C:\Users\Asus\mei-14111145-web2\vendor\laravel\framework\src\Illuminate\Pipeline\Pipeline.php(148): Illuminate\Routing\Middleware\SubstituteBindings->handle(Object(Illuminate\Http\Request), Object(Closure))
#12 C:\Users\Asus\mei-14111145-web2\vendor\laravel\framework\src\Illuminate\Routing\Pipeline.php(53): Illuminate\Pipeline\Pipeline->Illuminate\Pipeline\{closure}(Object(Illuminate\Http\Request))
#13 C:\Users\Asus\mei-14111145-web2\vendor\laravel\framework\src\Illuminate\Foundation\Http\Middleware\VerifyCsrfToken.php(65): Illuminate\Routing\Pipeline->Illuminate\Routing\{closure}(Object(Illuminate\Http\Request))
#14 C:\Users\Asus\mei-14111145-web2\vendor\laravel\framework\src\Illuminate\Pipeline\Pipeline.php(148): Illuminate\Foundation\Http\Middleware\VerifyCsrfToken->handle(Object(Illuminate\Http\Request), Object(Closure))
#15 C:\Users\Asus\mei-14111145-web2\vendor\laravel\framework\src\Illuminate\Routing\Pipeline.php(53): Illuminate\Pipeline\Pipeline->Illuminate\Pipeline\{closure}(Object(Illuminate\Http\Request))
#16 C:\Users\Asus\mei-14111145-web2\vendor\laravel\framework\src\Illuminate\View\Middleware\ShareErrorsFromSession.php(49): Illuminate\Routing\Pipeline->Illuminate\Routing\{closure}(Object(Illuminate\Http\Request))
#17 C:\Users\Asus\mei-14111145-web2\vendor\laravel\framework\src\Illuminate\Pipeline\Pipeline.php(148): Illuminate\View\Middleware\ShareErrorsFromSession->handle(Object(Illuminate\Http\Request), Object(Closure))
#18 C:\Users\Asus\mei-14111145-web2\vendor\laravel\framework\src\Illuminate\Routing\Pipeline.php(53): Illuminate\Pipeline\Pipeline->Illuminate\Pipeline\{closure}(Object(Illuminate\Http\Request))
#19 C:\Users\Asus\mei-14111145-web2\vendor\laravel\framework\src\Illuminate\Session\Middleware\StartSession.php(64): Illuminate\Routing\Pipeline->Illuminate\Routing\{closure}(Object(Illuminate\Http\Request))
#20 C:\Users\Asus\mei-14111145-web2\vendor\laravel\framework\src\Illuminate\Pipeline\Pipeline.php(148): Illuminate\Session\Middleware\StartSession->handle(Object(Illuminate\Http\Request), Object(Closure))
#21 C:\Users\Asus\mei-14111145-web2\vendor\laravel\framework\src\Illuminate\Routing\Pipeline.php(53): Illuminate\Pipeline\Pipeline->Illuminate\Pipeline\{closure}(Object(Illuminate\Http\Request))
#22 C:\Users\Asus\mei-14111145-web2\vendor\laravel\framework\src\Illuminate\Cookie\Middleware\AddQueuedCookiesToResponse.php(37): Illuminate\Routing\Pipeline->Illuminate\Routing\{closure}(Object(Illuminate\Http\Request))
#23 C:\Users\Asus\mei-14111145-web2\vendor\laravel\framework\src\Illuminate\Pipeline\Pipeline.php(148): Illuminate\Cookie\Middleware\AddQueuedCookiesToResponse->handle(Object(Illuminate\Http\Request), Object(Closure))
#24 C:\Users\Asus\mei-14111145-web2\vendor\laravel\framework\src\Illuminate\Routing\Pipeline.php(53): Illuminate\Pipeline\Pipeline->Illuminate\Pipeline\{closure}(Object(Illuminate\Http\Request))
#25 C:\Users\Asus\mei-14111145-web2\vendor\laravel\framework\src\Illuminate\Cookie\Middleware\EncryptCookies.php(59): Illuminate\Routing\Pipeline->Illuminate\Routing\{closure}(Object(Illuminate\Http\Request))
#26 C:\Users\Asus\mei-14111145-web2\vendor\laravel\framework\src\Illuminate\Pipeline\Pipeline.php(148): Illuminate\Cookie\Middleware\EncryptCookies->handle(Object(Illuminate\Http\Request), Object(Closure))
#27 C:\Users\Asus\mei-14111145-web2\vendor\laravel\framework\src\Illuminate\Routing\Pipeline.php(53): Illuminate\Pipeline\Pipeline->Illuminate\Pipeline\{closure}(Object(Illuminate\Http\Request))
#28 C:\Users\Asus\mei-14111145-web2\vendor\laravel\framework\src\Illuminate\Pipeline\Pipeline.php(102): Illuminate\Routing\Pipeline->Illuminate\Routing\{closure}(Object(Illuminate\Http\Request))
#29 C:\Users\Asus\mei-14111145-web2\vendor\laravel\framework\src\Illuminate\Routing\Router.php(561): Illuminate\Pipeline\Pipeline->then(Object(Closure))
#30 C:\Users\Asus\mei-14111145-web2\vendor\laravel\framework\src\Illuminate\Routing\Router.php(520): Illuminate\Routing\Router->runRouteWithinStack(Object(Illuminate\Routing\Route), Object(Illuminate\Http\Request))
#31 C:\Users\Asus\mei-14111145-web2\vendor\laravel\framework\src\Illuminate\Routing\Router.php(498): Illuminate\Routing\Router->dispatchToRoute(Object(Illuminate\Http\Request))
#32 C:\Users\Asus\mei-14111145-web2\vendor\laravel\framework\src\Illuminate\Foundation\Http\Kernel.php(174): Illuminate\Routing\Router->dispatch(Object(Illuminate\Http\Request))
#33 C:\Users\Asus\mei-14111145-web2\vendor\laravel\framework\src\Illuminate\Routing\Pipeline.php(30): Illuminate\Foundation\Http\Kernel->Illuminate\Foundation\Http\{closure}(Object(Illuminate\Http\Request))
#34 C:\Users\Asus\mei-14111145-web2\vendor\laravel\framework\src\Illuminate\Foundation\Http\Middleware\TransformsRequest.php(30): Illuminate\Routing\Pipeline->Illuminate\Routing\{closure}(Object(Illuminate\Http\Request))
#35 C:\Users\Asus\mei-14111145-web2\vendor\laravel\framework\src\Illuminate\Pipeline\Pipeline.php(148): Illuminate\Foundation\Http\Middleware\TransformsRequest->handle(Object(Illuminate\Http\Request), Object(Closure))
#36 C:\Users\Asus\mei-14111145-web2\vendor\laravel\framework\src\Illuminate\Routing\Pipeline.php(53): Illuminate\Pipeline\Pipeline->Illuminate\Pipeline\{closure}(Object(Illuminate\Http\Request))
#37 C:\Users\Asus\mei-14111145-web2\vendor\laravel\framework\src\Illuminate\Foundation\Http\Middleware\TransformsRequest.php(30): Illuminate\Routing\Pipeline->Illuminate\Routing\{closure}(Object(Illuminate\Http\Request))
#38 C:\Users\Asus\mei-14111145-web2\vendor\laravel\framework\src\Illuminate\Pipeline\Pipeline.php(148): Illuminate\Foundation\Http\Middleware\TransformsRequest->handle(Object(Illuminate\Http\Request), Object(Closure))
#39 C:\Users\Asus\mei-14111145-web2\vendor\laravel\framework\src\Illuminate\Routing\Pipeline.php(53): Illuminate\Pipeline\Pipeline->Illuminate\Pipeline\{closure}(Object(Illuminate\Http\Request))
#40 C:\Users\Asus\mei-14111145-web2\vendor\laravel\framework\src\Illuminate\Foundation\Http\Middleware\ValidatePostSize.php(27): Illuminate\Routing\Pipeline->Illuminate\Routing\{closure}(Object(Illuminate\Http\Request))
#41 C:\Users\Asus\mei-14111145-web2\vendor\laravel\framework\src\Illuminate\Pipeline\Pipeline.php(148): Illuminate\Foundation\Http\Middleware\ValidatePostSize->handle(Object(Illuminate\Http\Request), Object(Closure))
#42 C:\Users\Asus\mei-14111145-web2\vendor\laravel\framework\src\Illuminate\Routing\Pipeline.php(53): Illuminate\Pipeline\Pipeline->Illuminate\Pipeline\{closure}(Object(Illuminate\Http\Request))
#43 C:\Users\Asus\mei-14111145-web2\vendor\laravel\framework\src\Illuminate\Foundation\Http\Middleware\CheckForMaintenanceMode.php(46): Illuminate\Routing\Pipeline->Illuminate\Routing\{closure}(Object(Illuminate\Http\Request))
#44 C:\Users\Asus\mei-14111145-web2\vendor\laravel\framework\src\Illuminate\Pipeline\Pipeline.php(148): Illuminate\Foundation\Http\Middleware\CheckForMaintenanceMode->handle(Object(Illuminate\Http\Request), Object(Closure))
#45 C:\Users\Asus\mei-14111145-web2\vendor\laravel\framework\src\Illuminate\Routing\Pipeline.php(53): Illuminate\Pipeline\Pipeline->Illuminate\Pipeline\{closure}(Object(Illuminate\Http\Request))
#46 C:\Users\Asus\mei-14111145-web2\vendor\laravel\framework\src\Illuminate\Pipeline\Pipeline.php(102): Illuminate\Routing\Pipeline->Illuminate\Routing\{closure}(Object(Illuminate\Http\Request))
#47 C:\Users\Asus\mei-14111145-web2\vendor\laravel\framework\src\Illuminate\Foundation\Http\Kernel.php(149): Illuminate\Pipeline\Pipeline->then(Object(Closure))
#48 C:\Users\Asus\mei-14111145-web2\vendor\laravel\framework\src\Illuminate\Foundation\Http\Kernel.php(116): Illuminate\Foundation\Http\Kernel->sendRequestThroughRouter(Object(Illuminate\Http\Request))
#49 C:\Users\Asus\mei-14111145-web2\public\index.php(54): Illuminate\Foundation\Http\Kernel->handle(Object(Illuminate\Http\Request))
#50 C:\Users\Asus\mei-14111145-web2\server.php(21): require_once('C:\\Users\\Asus\\m...')
#51 {main}  
[2017-02-19 15:09:42] local.ERROR: exception 'ErrorException' with message 'Missing argument 1 for App\Http\Controllers\ViewController::edit()' in C:\Users\Asus\mei-14111145-web2\app\Http\Controllers\ViewController.php:76
Stack trace:
#0 C:\Users\Asus\mei-14111145-web2\app\Http\Controllers\ViewController.php(76): Illuminate\Foundation\Bootstrap\HandleExceptions->handleError(2, 'Missing argumen...', 'C:\\Users\\Asus\\m...', 76, Array)
#1 [internal function]: App\Http\Controllers\ViewController->edit()
#2 C:\Users\Asus\mei-14111145-web2\vendor\laravel\framework\src\Illuminate\Routing\Controller.php(55): call_user_func_array(Array, Array)
#3 C:\Users\Asus\mei-14111145-web2\vendor\laravel\framework\src\Illuminate\Routing\ControllerDispatcher.php(44): Illuminate\Routing\Controller->callAction('edit', Array)
#4 C:\Users\Asus\mei-14111145-web2\vendor\laravel\framework\src\Illuminate\Routing\Route.php(204): Illuminate\Routing\ControllerDispatcher->dispatch(Object(Illuminate\Routing\Route), Object(App\Http\Controllers\ViewController), 'edit')
#5 C:\Users\Asus\mei-14111145-web2\vendor\laravel\framework\src\Illuminate\Routing\Route.php(160): Illuminate\Routing\Route->runController()
#6 C:\Users\Asus\mei-14111145-web2\vendor\laravel\framework\src\Illuminate\Routing\Router.php(559): Illuminate\Routing\Route->run()
#7 C:\Users\Asus\mei-14111145-web2\vendor\laravel\framework\src\Illuminate\Routing\Pipeline.php(30): Illuminate\Routing\Router->Illuminate\Routing\{closure}(Object(Illuminate\Http\Request))
#8 C:\Users\Asus\mei-14111145-web2\vendor\laravel\framework\src\Illuminate\Routing\Middleware\SubstituteBindings.php(41): Illuminate\Routing\Pipeline->Illuminate\Routing\{closure}(Object(Illuminate\Http\Request))
#9 C:\Users\Asus\mei-14111145-web2\vendor\laravel\framework\src\Illuminate\Pipeline\Pipeline.php(148): Illuminate\Routing\Middleware\SubstituteBindings->handle(Object(Illuminate\Http\Request), Object(Closure))
#10 C:\Users\Asus\mei-14111145-web2\vendor\laravel\framework\src\Illuminate\Routing\Pipeline.php(53): Illuminate\Pipeline\Pipeline->Illuminate\Pipeline\{closure}(Object(Illuminate\Http\Request))
#11 C:\Users\Asus\mei-14111145-web2\vendor\laravel\framework\src\Illuminate\Foundation\Http\Middleware\VerifyCsrfToken.php(65): Illuminate\Routing\Pipeline->Illuminate\Routing\{closure}(Object(Illuminate\Http\Request))
#12 C:\Users\Asus\mei-14111145-web2\vendor\laravel\framework\src\Illuminate\Pipeline\Pipeline.php(148): Illuminate\Foundation\Http\Middleware\VerifyCsrfToken->handle(Object(Illuminate\Http\Request), Object(Closure))
#13 C:\Users\Asus\mei-14111145-web2\vendor\laravel\framework\src\Illuminate\Routing\Pipeline.php(53): Illuminate\Pipeline\Pipeline->Illuminate\Pipeline\{closure}(Object(Illuminate\Http\Request))
#14 C:\Users\Asus\mei-14111145-web2\vendor\laravel\framework\src\Illuminate\View\Middleware\ShareErrorsFromSession.php(49): Illuminate\Routing\Pipeline->Illuminate\Routing\{closure}(Object(Illuminate\Http\Request))
#15 C:\Users\Asus\mei-14111145-web2\vendor\laravel\framework\src\Illuminate\Pipeline\Pipeline.php(148): Illuminate\View\Middleware\ShareErrorsFromSession->handle(Object(Illuminate\Http\Request), Object(Closure))
#16 C:\Users\Asus\mei-14111145-web2\vendor\laravel\framework\src\Illuminate\Routing\Pipeline.php(53): Illuminate\Pipeline\Pipeline->Illuminate\Pipeline\{closure}(Object(Illuminate\Http\Request))
#17 C:\Users\Asus\mei-14111145-web2\vendor\laravel\framework\src\Illuminate\Session\Middleware\StartSession.php(64): Illuminate\Routing\Pipeline->Illuminate\Routing\{closure}(Object(Illuminate\Http\Request))
#18 C:\Users\Asus\mei-14111145-web2\vendor\laravel\framework\src\Illuminate\Pipeline\Pipeline.php(148): Illuminate\Session\Middleware\StartSession->handle(Object(Illuminate\Http\Request), Object(Closure))
#19 C:\Users\Asus\mei-14111145-web2\vendor\laravel\framework\src\Illuminate\Routing\Pipeline.php(53): Illuminate\Pipeline\Pipeline->Illuminate\Pipeline\{closure}(Object(Illuminate\Http\Request))
#20 C:\Users\Asus\mei-14111145-web2\vendor\laravel\framework\src\Illuminate\Cookie\Middleware\AddQueuedCookiesToResponse.php(37): Illuminate\Routing\Pipeline->Illuminate\Routing\{closure}(Object(Illuminate\Http\Request))
#21 C:\Users\Asus\mei-14111145-web2\vendor\laravel\framework\src\Illuminate\Pipeline\Pipeline.php(148): Illuminate\Cookie\Middleware\AddQueuedCookiesToResponse->handle(Object(Illuminate\Http\Request), Object(Closure))
#22 C:\Users\Asus\mei-14111145-web2\vendor\laravel\framework\src\Illuminate\Routing\Pipeline.php(53): Illuminate\Pipeline\Pipeline->Illuminate\Pipeline\{closure}(Object(Illuminate\Http\Request))
#23 C:\Users\Asus\mei-14111145-web2\vendor\laravel\framework\src\Illuminate\Cookie\Middleware\EncryptCookies.php(59): Illuminate\Routing\Pipeline->Illuminate\Routing\{closure}(Object(Illuminate\Http\Request))
#24 C:\Users\Asus\mei-14111145-web2\vendor\laravel\framework\src\Illuminate\Pipeline\Pipeline.php(148): Illuminate\Cookie\Middleware\EncryptCookies->handle(Object(Illuminate\Http\Request), Object(Closure))
#25 C:\Users\Asus\mei-14111145-web2\vendor\laravel\framework\src\Illuminate\Routing\Pipeline.php(53): Illuminate\Pipeline\Pipeline->Illuminate\Pipeline\{closure}(Object(Illuminate\Http\Request))
#26 C:\Users\Asus\mei-14111145-web2\vendor\laravel\framework\src\Illuminate\Pipeline\Pipeline.php(102): Illuminate\Routing\Pipeline->Illuminate\Routing\{closure}(Object(Illuminate\Http\Request))
#27 C:\Users\Asus\mei-14111145-web2\vendor\laravel\framework\src\Illuminate\Routing\Router.php(561): Illuminate\Pipeline\Pipeline->then(Object(Closure))
#28 C:\Users\Asus\mei-14111145-web2\vendor\laravel\framework\src\Illuminate\Routing\Router.php(520): Illuminate\Routing\Router->runRouteWithinStack(Object(Illuminate\Routing\Route), Object(Illuminate\Http\Request))
#29 C:\Users\Asus\mei-14111145-web2\vendor\laravel\framework\src\Illuminate\Routing\Router.php(498): Illuminate\Routing\Router->dispatchToRoute(Object(Illuminate\Http\Request))
#30 C:\Users\Asus\mei-14111145-web2\vendor\laravel\framework\src\Illuminate\Foundation\Http\Kernel.php(174): Illuminate\Routing\Router->dispatch(Object(Illuminate\Http\Request))
#31 C:\Users\Asus\mei-14111145-web2\vendor\laravel\framework\src\Illuminate\Routing\Pipeline.php(30): Illuminate\Foundation\Http\Kernel->Illuminate\Foundation\Http\{closure}(Object(Illuminate\Http\Request))
#32 C:\Users\Asus\mei-14111145-web2\vendor\laravel\framework\src\Illuminate\Foundation\Http\Middleware\TransformsRequest.php(30): Illuminate\Routing\Pipeline->Illuminate\Routing\{closure}(Object(Illuminate\Http\Request))
#33 C:\Users\Asus\mei-14111145-web2\vendor\laravel\framework\src\Illuminate\Pipeline\Pipeline.php(148): Illuminate\Foundation\Http\Middleware\TransformsRequest->handle(Object(Illuminate\Http\Request), Object(Closure))
#34 C:\Users\Asus\mei-14111145-web2\vendor\laravel\framework\src\Illuminate\Routing\Pipeline.php(53): Illuminate\Pipeline\Pipeline->Illuminate\Pipeline\{closure}(Object(Illuminate\Http\Request))
#35 C:\Users\Asus\mei-14111145-web2\vendor\laravel\framework\src\Illuminate\Foundation\Http\Middleware\TransformsRequest.php(30): Illuminate\Routing\Pipeline->Illuminate\Routing\{closure}(Object(Illuminate\Http\Request))
#36 C:\Users\Asus\mei-14111145-web2\vendor\laravel\framework\src\Illuminate\Pipeline\Pipeline.php(148): Illuminate\Foundation\Http\Middleware\TransformsRequest->handle(Object(Illuminate\Http\Request), Object(Closure))
#37 C:\Users\Asus\mei-14111145-web2\vendor\laravel\framework\src\Illuminate\Routing\Pipeline.php(53): Illuminate\Pipeline\Pipeline->Illuminate\Pipeline\{closure}(Object(Illuminate\Http\Request))
#38 C:\Users\Asus\mei-14111145-web2\vendor\laravel\framework\src\Illuminate\Foundation\Http\Middleware\ValidatePostSize.php(27): Illuminate\Routing\Pipeline->Illuminate\Routing\{closure}(Object(Illuminate\Http\Request))
#39 C:\Users\Asus\mei-14111145-web2\vendor\laravel\framework\src\Illuminate\Pipeline\Pipeline.php(148): Illuminate\Foundation\Http\Middleware\ValidatePostSize->handle(Object(Illuminate\Http\Request), Object(Closure))
#40 C:\Users\Asus\mei-14111145-web2\vendor\laravel\framework\src\Illuminate\Routing\Pipeline.php(53): Illuminate\Pipeline\Pipeline->Illuminate\Pipeline\{closure}(Object(Illuminate\Http\Request))
#41 C:\Users\Asus\mei-14111145-web2\vendor\laravel\framework\src\Illuminate\Foundation\Http\Middleware\CheckForMaintenanceMode.php(46): Illuminate\Routing\Pipeline->Illuminate\Routing\{closure}(Object(Illuminate\Http\Request))
#42 C:\Users\Asus\mei-14111145-web2\vendor\laravel\framework\src\Illuminate\Pipeline\Pipeline.php(148): Illuminate\Foundation\Http\Middleware\CheckForMaintenanceMode->handle(Object(Illuminate\Http\Request), Object(Closure))
#43 C:\Users\Asus\mei-14111145-web2\vendor\laravel\framework\src\Illuminate\Routing\Pipeline.php(53): Illuminate\Pipeline\Pipeline->Illuminate\Pipeline\{closure}(Object(Illuminate\Http\Request))
#44 C:\Users\Asus\mei-14111145-web2\vendor\laravel\framework\src\Illuminate\Pipeline\Pipeline.php(102): Illuminate\Routing\Pipeline->Illuminate\Routing\{closure}(Object(Illuminate\Http\Request))
#45 C:\Users\Asus\mei-14111145-web2\vendor\laravel\framework\src\Illuminate\Foundation\Http\Kernel.php(149): Illuminate\Pipeline\Pipeline->then(Object(Closure))
#46 C:\Users\Asus\mei-14111145-web2\vendor\laravel\framework\src\Illuminate\Foundation\Http\Kernel.php(116): Illuminate\Foundation\Http\Kernel->sendRequestThroughRouter(Object(Illuminate\Http\Request))
#47 C:\Users\Asus\mei-14111145-web2\public\index.php(54): Illuminate\Foundation\Http\Kernel->handle(Object(Illuminate\Http\Request))
#48 C:\Users\Asus\mei-14111145-web2\server.php(21): require_once('C:\\Users\\Asus\\m...')
#49 {main}  
